0:100  0:100  MemLog inited, TSC freq: 2208396680
0:100  0:000  CPU was calibrated with RTC
0:100  0:000  
0:100  0:000  Now is 21.3.2019,  1:34:56 (GMT)
0:100  0:000  Starting Clover revision: 4428 on American Megatrends EFI
0:100  0:000  Build with: [Args: -mc --no-usb -D NO_GRUB_DRIVERS_EMBEDDED -t XCODE8 | -D DISABLE_USB_SUPPORT -D NO_GRUB_DRIVERS_EMBEDDED --conf=/Users/macman/src/edk2/Conf -D USE_BIOS_BLOCKIO -D USE_LOW_EBDA -a X64 -b RELEASE -t XCODE8 -n 9 | OS: 10.13.3 | XCODE: 9.3]
0:100  0:000  SelfDevicePath=PciRoot(0x0)\Pci(0x17,0x0)\Sata(0x1,0xFFFF,0x0)\HD(1,GPT,E485A61B-92A5-432A-B340-0F3C83FB1A3C,0x28,0x64000) @363CFF98
0:100  0:000  SelfDirPath = \EFI\BOOT
0:103  0:003  === [ Get Smbios ] ========================================
0:112  0:008  Type 16 Index = 0
0:112  0:000  Total Memory Slots Count = 4
0:112  0:000  Type 17 Index = 0
0:112  0:000  Ignoring insane frequency value 0MHz
0:112  0:000  SmbiosTable.Type17->Speed = 0MHz
0:112  0:000  SmbiosTable.Type17->Size = 0MB
0:112  0:000  SmbiosTable.Type17->Bank/Device = BANK 0 ChannelA-DIMM0
0:112  0:000  SmbiosTable.Type17->Vendor = <null string>
0:112  0:000  SmbiosTable.Type17->SerialNumber = <null string>
0:112  0:000  SmbiosTable.Type17->PartNumber = <null string>
0:112  0:000  Type 17 Index = 1
0:112  0:000  Ignoring insane frequency value 0MHz
0:112  0:000  SmbiosTable.Type17->Speed = 0MHz
0:112  0:000  SmbiosTable.Type17->Size = 0MB
0:112  0:000  SmbiosTable.Type17->Bank/Device = BANK 1 ChannelA-DIMM1
0:112  0:000  SmbiosTable.Type17->Vendor = <null string>
0:112  0:000  SmbiosTable.Type17->SerialNumber = <null string>
0:112  0:000  SmbiosTable.Type17->PartNumber = <null string>
0:112  0:000  Type 17 Index = 2
0:112  0:000  SmbiosTable.Type17->Speed = 2667MHz
0:112  0:000  SmbiosTable.Type17->Size = 16384MB
0:112  0:000  SmbiosTable.Type17->Bank/Device = BANK 2 ChannelB-DIMM0
0:112  0:000  SmbiosTable.Type17->Vendor = 066D
0:112  0:000  SmbiosTable.Type17->SerialNumber = 00000000
0:112  0:000  SmbiosTable.Type17->PartNumber = TN416G26D819-SB     
0:112  0:000  Type 17 Index = 3
0:112  0:000  Ignoring insane frequency value 0MHz
0:112  0:000  SmbiosTable.Type17->Speed = 0MHz
0:112  0:000  SmbiosTable.Type17->Size = 0MB
0:112  0:000  SmbiosTable.Type17->Bank/Device = BANK 3 ChannelB-DIMM1
0:112  0:000  SmbiosTable.Type17->Vendor = <null string>
0:112  0:000  SmbiosTable.Type17->SerialNumber = <null string>
0:112  0:000  SmbiosTable.Type17->PartNumber = <null string>
0:112  0:000  Boot status=0
0:112  0:000  Running on: 'AERO 15WV8' with board 'AERO 15WV8'
0:112  0:000  === [ GetCPUProperties ] ==================================
0:112  0:000  CPU Vendor = 756E6547 Model=906EA
0:112  0:000   The CPU supported SSE4.1
0:112  0:000  BrandString = Intel(R) Core(TM) i7-8750H CPU @ 2.20GHz
0:112  0:000   The CPU supported turbo
0:112  0:000  MSR 0x35               6000C
0:112  0:000   TSC/CCC Information Leaf:
0:112  0:000    numerator     : 184
0:112  0:000    denominator   : 2
0:112  0:000   Calibrated ARTFrequency: 24004311
0:112  0:000  MSR 0xE2 before patch 1E008004
0:112  0:000  MSR 0xE2 is locked, PM patches will be turned on
0:112  0:000  MSR 0xCE              0008083B_F1011600
0:112  0:000  corrected FLEX_RATIO = 0
0:112  0:000  MSR 0x1B0             00000000
0:112  0:000  FSBFrequency = 37 MHz, DMI FSBFrequency = 100 MHz, Corrected FSBFrequency = 100 MHz
0:112  0:000  MaxDiv/MinDiv: 22.0/8
0:112  0:000  Turbo: 40/40/41/41
0:112  0:000  Features: 0xBFEBFBFF
0:112  0:000  Threads: 12
0:112  0:000  Cores: 6
0:112  0:000  FSB: 100 MHz
0:112  0:000  CPU: 800 MHz
0:112  0:000  TSC: 800 MHz
0:112  0:000  PIS: 100 MHz
0:112  0:000  ExternalClock: 25 MHz
0:112  0:000  === [ GetDevices ] ========================================
0:112  0:000  PCI (00|00:00.00) : 8086 3EC4 class=060000
0:112  0:000  PCI (00|00:01.00) : 8086 1901 class=060400
0:112  0:000  PCI (00|01:00.00) : 10DE 1C20 class=030000
0:112  0:000   - GFX: Model=Gigabyte GeForce GTX 1060 family 136 (Nvidia)
0:112  0:000  PCI (00|01:00.01) : FFFF FFFF class=FFFFFF
0:112  0:000  PCI (00|00:02.00) : 8086 3E9B class=030000
0:112  0:000   - GFX: Model=Intel UHD Graphics 630 (Intel)
0:112  0:000  PCI (00|00:08.00) : 8086 1911 class=088000
0:112  0:000  PCI (00|00:12.00) : 8086 A379 class=118000
0:112  0:000  PCI (00|00:14.00) : 8086 A36D class=0C0330
0:112  0:000  PCI (00|00:14.02) : 8086 A36F class=050000
0:112  0:000  PCI (00|00:16.00) : 8086 A360 class=078000
0:112  0:000  PCI (00|00:17.00) : 8086 A353 class=010601
0:112  0:000  PCI (00|00:1B.00) : 8086 A342 class=060400
0:112  0:000  PCI (00|02:00.00) : 10EC 8168 class=020000
0:112  0:000   - LAN: 0 Vendor=Realtek
0:113  0:000  PCI (00|00:1B.03) : 8086 A343 class=060400
0:114  0:001  PCI (00|03:00.00) : 8086 24FD class=028000
0:114  0:000   - WIFI: Vendor=Intel
0:114  0:000  PCI (00|00:1D.00) : 8086 A334 class=060400
0:114  0:000  PCI (00|00:1F.00) : 8086 A30D class=060100
0:114  0:000  PCI (00|00:1F.03) : 8086 A348 class=040300
0:114  0:000  PCI (00|00:1F.04) : 8086 A323 class=0C0500
0:114  0:000  PCI (00|00:1F.05) : 8086 A324 class=0C8000
0:114  0:000  === [ GetDefaultSettings ] ================================
0:114  0:000  Clover load options size = 0 bytes
0:128  0:014  EFI\CLOVER\config.plist loaded: Success
0:138  0:009  === [ GetListOfThemes ] ===================================
0:138  0:000  - [00]: Minimalism
0:143  0:004  - [01]: random
0:145  0:002  - [01]: embedded
0:149  0:004  === [ Found config plists ] ===============================
0:150  0:001  - config-intel.plist
0:152  0:001  - config-nvidia.plist
0:153  0:001  - config.plist
0:154  0:000  === [ GetEarlyUserSettings ] ==============================
0:154  0:000  timeout set to 5
0:154  0:000  Custom boot CUSTOM_BOOT_DISABLED (0x0)
0:154  0:000  KextsToPatch: 6 requested
0:154  0:000   - [00]: IOBufferCopyController (disable IOBufferCopyController (Credit by DalianSky)) :: PlistPatch :: data len: 5
0:154  0:000   - [01]: AppleIntelLpssI2C (Disable AppleIntelLpssI2C (credit by Coolstar)) :: PlistPatch :: data len: 5
0:154  0:000   - [02]: AppleIntelLpssI2CController (Disable AppleIntelLpssI2CCOntroller (credit by Coolstar)) :: PlistPatch :: data len: 5
0:154  0:000   - [03]: com.apple.iokit.IOAHCIBlockStorage (Enable TRIM for SSD) :: BinPatch :: data len: 11
0:154  0:000   - [04]: AppleAHCIPort (External icons patch) :: BinPatch :: data len: 8
0:154  0:000   - [05]: com.apple.driver.usb.AppleUSBXHCI (disable port limit in XHCI kext (credit RehabMan, based prior PMHeart patch)) :: MatchOS: 10.13.6 :: BinPatch :: data len: 10
0:154  0:000  KernelToPatch: 1 requested
0:154  0:000   - [00]: MSR 0xE2 _xcpm_idle instant reboot(c) Pike R. Alpha :: data len: 8
0:154  0:000  Default theme: embedded
0:154  0:000  Hiding entries with string Windows
0:154  0:000  Hiding entries with string \EFI\BOOT\BOOTX64.EFI
0:154  0:000  === [ LoadDrivers ] =======================================
0:156  0:002  Loading OsxFatBinaryDrv-64.efi  status=Success
0:162  0:005  Loading UsbKbDxe-64.efi  status=Success
0:166  0:003   - driver needs connecting
0:166  0:000  Loading HFSPlus.efi  status=Success
0:170  0:004   - driver needs connecting
0:170  0:000  Loading DataHubDxe-64.efi  status=Success
0:176  0:005  Loading FSInject-64.efi  status=Success
0:179  0:003  Loading ApfsDriverLoader-64.efi  status=Success
0:183  0:003   - driver needs connecting
0:183  0:000  Loading EmuVariableUefi-64.efi  status=Success
0:187  0:004  EmuVariableUefi Initialize: VariableCommonInitialize = Success, orig services stored, install gEmuVariableControlProtocolGuid = Success
0:187  0:000  Loading SMCHelper-64.efi  status=Success
0:191  0:003  Loading OsxAptioFixDrv-64.efi  status=Success
0:194  0:003  3 drivers needs connecting ...
0:194  0:000  PlatformDriverOverrideProtocol not found. Installing ... Success
0:195  0:000  HFS+ driver loaded
0:195  0:000  APFS driver loaded
0:195  0:000  Searching for invalid DiskIo BY_DRIVER connects: not found, all ok
0:763  0:568  EmuVariable InstallEmulation: orig vars copied, emu.var.services installed, CreateEvent VirtualAddressChange = Success, CreateEvent ExitBootServices = Success, set Status=Success
0:798  0:034  === [ InitScreen ] ========================================
0:798  0:000  SetScreenResolution: 1920x1080 - already set
0:798  0:000  Console modes reported: 4, available modes:
0:798  0:000   - [01]: 80x25 (current mode)
0:798  0:000   - [02]: 80x50
0:798  0:000   - [03]: 100x31
0:798  0:000   - [04]: 240x56
0:798  0:000  reinit: self device path=PciRoot(0x0)\Pci(0x17,0x0)\Sata(0x1,0xFFFF,0x0)\HD(1,GPT,E485A61B-92A5-432A-B340-0F3C83FB1A3C,0x28,0x64000)
0:802  0:003  Using embedded font: Success
0:803  0:001  === [ GetMacAddress ] =====================================
0:803  0:000  === [ ScanSPD ] ===========================================
0:805  0:001  SMBus device : 8086 A323 class=0C0500 status=Success
0:805  0:000  SMBus CmdReg: 0x3
0:805  0:000  Scanning SMBus [8086:A323], mmio: 0xAD418004, ioport: 0xEFA0, hostc: 0x11
0:805  0:000  Slots to scan [8]...
0:806  0:000  SPD[2]: Type 12 @0x52
0:825  0:018  Bad parity bank=0x06 code=0x6D
0:825  0:000  Not using XMP because it is not present
0:825  0:000  DDR speed 2666MHz
0:825  0:000  Slot: 2 Type 26 16384MB 2666MHz Vendor=V-Color Technology PartNo=TN416G26D819-SB SerialNo=0000000000000000
0:826  0:001  === [ GetAcpiTablesList ] =================================
0:834  0:007  Get Acpi Tables List from RSDT:
0:834  0:000   - [00]: FACP  GBTUACPI len=132
0:834  0:000   - [01]: APIC  GBTUACPI len=244
0:834  0:000   - [02]: FPDT  GBTUACPI len=68
0:834  0:000   - [03]: FIDT  GBTUACPI len=156
0:834  0:000   - [04]: MCFG  GBTUACPI len=60
0:834  0:000   - [05]: SSDT  SataTabl len=820
0:834  0:000   - [06]: SSDT  CpuSsdt len=6101
0:834  0:000   - [07]: MSDM  GBTUACPI len=85
0:834  0:000   - [08]: SLIC  GBTUACPI len=374
0:834  0:000   - [09]: SSDT  SaSsdt  len=12743
0:834  0:000   - [10]: SSDT  PegSsdt len=8135
0:834  0:000   - [11]: HPET  GBTUACPI len=56
0:834  0:000   - [12]: SSDT  Ther_Rvp len=3998
0:834  0:000   - [13]: SSDT  xh_cfhd4 len=10572
0:834  0:000   - [14]: UEFI  GBTUACPI len=72
0:834  0:000   - [15]: LPIT  GBTUACPI len=92
0:834  0:000   - [16]: SSDT  PtidDevc len=10206
0:834  0:000   - [17]: SSDT  TbtTypeC len=4226
0:834  0:000   - [18]: DBGP  GBTUACPI len=52
0:834  0:000   - [19]: DBG2  GBTUACPI len=84
0:834  0:000   - [20]: SSDT  SgPeg len=174
0:834  0:000   - [21]: DMAR  EDK2     len=168
0:834  0:000   - [22]: BGRT  GBTUACPI len=56
0:834  0:000   - [23]: SSDT  OptTabl len=7801
0:834  0:000   - [24]: WSMT  GBTUACPI len=40
0:834  0:000  Calibrated TSC Frequency = 2208396680 = 2208MHz
0:835  0:000  === [ GetUserSettings ] ===================================
0:835  0:000  Injected EFIString of length 0
0:835  0:000  USB FixOwnership: yes
0:835  0:000  Dropping 2 tables:
0:835  0:000   - [00]: Drop table  signature="DMAR" (52414D44)
0:835  0:000           - set table: 52414D44,                0 to drop: yes
0:835  0:000   - [01]: Drop table  signature="SSDT" (54445353) table-id="xh_rvp10" (30317076725F6878)
0:835  0:000           - set table: 54445353, 30317076725F6878 to drop: no
0:835  0:000   - final DSDT Fix mask=01004000
0:835  0:000  PatchesDSDT: 14 requested
0:835  0:000   - [00]: (change H_EC to EC) lenToFind: 4, lenToReplace: 4, Target Bridge: <null string>
0:835  0:000   - [01]: (change HECI to IMEI) lenToFind: 4, lenToReplace: 4, Target Bridge: <null string>
0:835  0:000   - [02]: (change SAT0 to SATA) lenToFind: 4, lenToReplace: 4, Target Bridge: <null string>
0:835  0:000   - [03]: (change GFX0 to IGPU, optionally pair with SSDT-IGPU.aml) lenToFind: 4, lenToReplace: 4, Target Bridge: <null string>
0:835  0:000    patch disabled at config
0:835  0:000   - [04]: (change HDAS to HDEF, optionally pair with SSDT-HDEF.aml) lenToFind: 4, lenToReplace: 4, Target Bridge: <null string>
0:835  0:000    patch disabled at config
0:835  0:000   - [05]: (change Method(_PTS,1,N) to ZPTS, pair with SSDT-PTSWAK.aml) lenToFind: 5, lenToReplace: 5, Target Bridge: <null string>
0:835  0:000    patch disabled at config
0:835  0:000   - [06]: (change Method(_WAK,1,N) to ZWAK, pair with SSDT-PTSWAK.aml) lenToFind: 5, lenToReplace: 5, Target Bridge: <null string>
0:835  0:000    patch disabled at config
0:835  0:000   - [07]: (change Method(GPRW,2,N) to XPRW, pair with SSDT-GPRW.aml) lenToFind: 5, lenToReplace: 5, Target Bridge: <null string>
0:835  0:000    patch disabled at config
0:835  0:000   - [08]: (change _OSI to XOSI, pair with SSDT-XOSI.aml) lenToFind: 4, lenToReplace: 4, Target Bridge: <null string>
0:835  0:000    patch disabled at config
0:835  0:000   - [09]: (Batt, change WMBD to XMBD) lenToFind: 4, lenToReplace: 4, Target Bridge: <null string>
0:835  0:000   - [10]: (Batt, change WMBC to XMBC) lenToFind: 4, lenToReplace: 4, Target Bridge: <null string>
0:835  0:000   - [11]: (Batt, change _BIF to XBIF) lenToFind: 4, lenToReplace: 4, Target Bridge: <null string>
0:835  0:000   - [12]: (Batt, change _BST to XBST) lenToFind: 4, lenToReplace: 4, Target Bridge: <null string>
0:835  0:000   - [13]: (Batt, change BATS to BATX) lenToFind: 4, lenToReplace: 4, Target Bridge: <null string>
0:835  0:000  Using ProductName from config: MacBookPro15,2
0:835  0:000  Using latest BiosVersion from config
0:835  0:000  BiosVersion: MBP152.88Z.F000.B00.1809171524
0:835  0:000  BiosReleaseDate: 09/17/2018
0:835  0:000  Using FirmwareFeatures from config: 0xFC0FE137
0:835  0:000  Using FirmwareFeaturesMask from config: 0xFF1FFF3F
0:835  0:000  Board-ID set from config as Mac-827FB448E656EC26
0:835  0:000  BoardType: 0xA
0:835  0:000  ChassisType: 0x9
5:268  4:432  === [ ScanVolumes ] =======================================
5:268  0:000  Found 7 volumes with blockIO
5:268  0:000  - [00]: Volume: PciRoot(0x0)\Pci(0x17,0x0)\Sata(0x1,0xFFFF,0x0)
5:269  0:000  - [01]: Volume: PciRoot(0x0)\Pci(0x17,0x0)\Sata(0x1,0xFFFF,0x0)\HD(1,GPT,E485A61B-92A5-432A-B340-0F3C83FB1A3C,0x28,0x64000)
5:270  0:000          Result of bootcode detection: bootable unknown (legacy)
5:272  0:002          This is SelfVolume !!
5:272  0:000  - [02]: Volume: PciRoot(0x0)\Pci(0x17,0x0)\Sata(0x1,0xFFFF,0x0)\HD(2,GPT,028E1E74-FD7D-49A9-93BB-D4E69DD223CD,0x64028,0xEE18260)
5:272  0:000          Result of bootcode detection: bootable unknown (legacy)
5:273  0:000  - [03]: Volume: PciRoot(0x0)\Pci(0x17,0x0)\Sata(0x1,0xFFFF,0x0)\HD(2,GPT,028E1E74-FD7D-49A9-93BB-D4E69DD223CD,0x64028,0xEE18260)\VenMedia(BE74FCF7-0B7C-49F3-9147-01F4042E6842,8F86983620D7FB45806B8B20037BAE87)
5:273  0:000  - [04]: Volume: PciRoot(0x0)\Pci(0x17,0x0)\Sata(0x1,0xFFFF,0x0)\HD(2,GPT,028E1E74-FD7D-49A9-93BB-D4E69DD223CD,0x64028,0xEE18260)\VenMedia(BE74FCF7-0B7C-49F3-9147-01F4042E6842,E8173311D953F2369D4023C0D41403D7)
5:273  0:000  - [05]: Volume: PciRoot(0x0)\Pci(0x17,0x0)\Sata(0x1,0xFFFF,0x0)\HD(2,GPT,028E1E74-FD7D-49A9-93BB-D4E69DD223CD,0x64028,0xEE18260)\VenMedia(BE74FCF7-0B7C-49F3-9147-01F4042E6842,FF914649247ECA4A9DD2AAE984897B3E)
5:273  0:000  - [06]: Volume: PciRoot(0x0)\Pci(0x17,0x0)\Sata(0x1,0xFFFF,0x0)\HD(2,GPT,028E1E74-FD7D-49A9-93BB-D4E69DD223CD,0x64028,0xEE18260)\VenMedia(BE74FCF7-0B7C-49F3-9147-01F4042E6842,6A9DA5ACCD45404490E3C579AA16ECC6)
5:277  0:004  PutNvramPlistToRtVars: nvram.plist not found
5:277  0:000  === [ InitTheme ] =========================================
5:277  0:000   using embedded theme
5:279  0:001  Using embedded font: Success
5:280  0:000  Choosing theme <null string>
5:280  0:000  after NVRAM boot-args=-cflbkltfix applbkl=0 igfxcflbklt=1 -v
5:280  0:000  === [ Dump SMC keys from NVRAM ] ==========================
5:280  0:000  found AppleSMC protocol
5:281  0:000  Registered 17 SMC keys
5:281  0:000  === [ ScanLoader ] ========================================
5:281  0:000  - [01]: 'EFI'
5:314  0:033  - [03]: 'Preboot'
5:334  0:020          AddLoaderEntry for Volume Name=Preboot
5:356  0:021      hibernated: set as never
5:366  0:009          AddLoaderEntry for Volume Name=Preboot
5:402  0:035  - [04]: 'macOS TS128'
5:466  0:064          AddLoaderEntry for Volume Name=macOS TS128
5:496  0:030      hibernated: set as never
5:542  0:045  - [05]: 'Recovery'
5:559  0:017          AddLoaderEntry for Volume Name=Recovery
5:600  0:040  - [06]: 'VM'
5:602  0:001  === [ AddCustomTool ] =====================================
5:604  0:002  found tool \EFI\CLOVER\tools\Shell64U.efi
5:604  0:000  Checking EFI partition Volume 1 for Clover
5:606  0:002   Found Clover
5:607  0:000  EmuVariable UninstallEmulation: CloseEvent = Success, original var services restored
5:607  0:000  EmuVariable InstallEmulation: orig vars copied, emu.var.services installed, CreateEvent VirtualAddressChange = Success, CreateEvent ExitBootServices = Success, set Status=Success
5:643  0:035  === [ GetEfiBootDeviceFromNvram ] =========================
5:643  0:000  Default boot entry not found
5:643  0:000  EmuVariable UninstallEmulation: CloseEvent = Success, original var services restored
5:643  0:000  DefaultIndex=-1 and MainMenu.EntryCount=10
5:669  0:026  GUI ready
14:997  9:327  === [ GetUserSettings ] ===================================
14:997  0:000  Injected EFIString of length 0
14:997  0:000  USB FixOwnership: yes
14:997  0:000  Dropping 2 tables:
14:997  0:000   - [00]: Drop table  signature="DMAR" (52414D44)
14:997  0:000           - set table: 52414D44,                0 to drop: yes
14:997  0:000   - [01]: Drop table  signature="SSDT" (54445353) table-id="xh_rvp10" (30317076725F6878)
14:997  0:000           - set table: 54445353, 30317076725F6878 to drop: no
14:997  0:000   - final DSDT Fix mask=01004000
14:997  0:000  PatchesDSDT: 10 requested
14:997  0:000   - [00]: (change H_EC to EC) lenToFind: 4, lenToReplace: 4, Target Bridge: <null string>
14:997  0:000   - [01]: (change HECI to IMEI) lenToFind: 4, lenToReplace: 4, Target Bridge: <null string>
14:997  0:000   - [02]: (change SAT0 to SATA) lenToFind: 4, lenToReplace: 4, Target Bridge: <null string>
14:997  0:000   - [03]: (change GFX0 to IGPU, optionally pair with SSDT-IGPU.aml) lenToFind: 4, lenToReplace: 4, Target Bridge: <null string>
14:997  0:000   - [04]: (change HDAS to HDEF, optionally pair with SSDT-HDEF.aml) lenToFind: 4, lenToReplace: 4, Target Bridge: <null string>
14:997  0:000   - [05]: (change Method(_PTS,1,N) to ZPTS, pair with SSDT-PTSWAK.aml) lenToFind: 5, lenToReplace: 5, Target Bridge: <null string>
14:997  0:000   - [06]: (change Method(_WAK,1,N) to ZWAK, pair with SSDT-PTSWAK.aml) lenToFind: 5, lenToReplace: 5, Target Bridge: <null string>
14:997  0:000   - [07]: (change Method(GPRW,2,N) to XPRW, pair with SSDT-GPRW.aml) lenToFind: 5, lenToReplace: 5, Target Bridge: <null string>
14:998  0:000   - [08]: (change _OSI to XOSI, pair with SSDT-XOSI.aml) lenToFind: 4, lenToReplace: 4, Target Bridge: <null string>
14:998  0:000   - [09]: (change OSID to XSID (to avoid match against _OSI XOSI patch)) lenToFind: 4, lenToReplace: 4, Target Bridge: <null string>
14:998  0:000  Using ProductName from config: MacBookPro15,1
14:998  0:000  BiosVersion: not set, Using BiosVersion from clover
14:998  0:000  BiosVersion: IM131.88Z.0114.B00.1802030048
14:998  0:000  BiosReleaseDate: 02/03/2018
14:998  0:000  Using FirmwareFeatures from clover: 0xE00DE137
14:998  0:000  Using FirmwareFeaturesMask from clover: 0xFF1FFF3F
14:998  0:000  Using PlatformFeature from clover: 0x1
19:983  4:984  EDITED: -cflbkltfix igfxcflbklt=1 applbkl=0 
30:205  10:222  EDITED: -cflbkltfix igfxcflbklt=1 applbkl=0 -v
36:244  6:038  ReinitSelfLib after theme change
36:244  0:000  reinit: self device path=PciRoot(0x0)\Pci(0x17,0x0)\Sata(0x1,0xFFFF,0x0)\HD(1,GPT,E485A61B-92A5-432A-B340-0F3C83FB1A3C,0x28,0x64000)
36:246  0:002  === [ ScanVolumes ] =======================================
36:246  0:000  Found 7 volumes with blockIO
36:246  0:000  - [00]: Volume: PciRoot(0x0)\Pci(0x17,0x0)\Sata(0x1,0xFFFF,0x0)
36:246  0:000  - [01]: Volume: PciRoot(0x0)\Pci(0x17,0x0)\Sata(0x1,0xFFFF,0x0)\HD(1,GPT,E485A61B-92A5-432A-B340-0F3C83FB1A3C,0x28,0x64000)
36:247  0:000          Result of bootcode detection: bootable unknown (legacy)
36:249  0:001          This is SelfVolume !!
36:249  0:000  - [02]: Volume: PciRoot(0x0)\Pci(0x17,0x0)\Sata(0x1,0xFFFF,0x0)\HD(2,GPT,028E1E74-FD7D-49A9-93BB-D4E69DD223CD,0x64028,0xEE18260)
36:250  0:000          Result of bootcode detection: bootable unknown (legacy)
36:250  0:000  - [03]: Volume: PciRoot(0x0)\Pci(0x17,0x0)\Sata(0x1,0xFFFF,0x0)\HD(2,GPT,028E1E74-FD7D-49A9-93BB-D4E69DD223CD,0x64028,0xEE18260)\VenMedia(BE74FCF7-0B7C-49F3-9147-01F4042E6842,8F86983620D7FB45806B8B20037BAE87)
36:250  0:000  - [04]: Volume: PciRoot(0x0)\Pci(0x17,0x0)\Sata(0x1,0xFFFF,0x0)\HD(2,GPT,028E1E74-FD7D-49A9-93BB-D4E69DD223CD,0x64028,0xEE18260)\VenMedia(BE74FCF7-0B7C-49F3-9147-01F4042E6842,E8173311D953F2369D4023C0D41403D7)
36:250  0:000  - [05]: Volume: PciRoot(0x0)\Pci(0x17,0x0)\Sata(0x1,0xFFFF,0x0)\HD(2,GPT,028E1E74-FD7D-49A9-93BB-D4E69DD223CD,0x64028,0xEE18260)\VenMedia(BE74FCF7-0B7C-49F3-9147-01F4042E6842,FF914649247ECA4A9DD2AAE984897B3E)
36:250  0:000  - [06]: Volume: PciRoot(0x0)\Pci(0x17,0x0)\Sata(0x1,0xFFFF,0x0)\HD(2,GPT,028E1E74-FD7D-49A9-93BB-D4E69DD223CD,0x64028,0xEE18260)\VenMedia(BE74FCF7-0B7C-49F3-9147-01F4042E6842,6A9DA5ACCD45404490E3C579AA16ECC6)
36:251  0:000  === [ InitTheme ] =========================================
36:251  0:000  no default theme, get first theme Minimalism
36:286  0:035  Using theme 'Minimalism' (EFI\CLOVER\themes\Minimalism)
36:286  0:000  OS main and drive as badge
36:294  0:007  Loading font from ThemeDir: Success
36:295  0:000  Choosing theme Minimalism
36:295  0:000  after NVRAM boot-args=-cflbkltfix igfxcflbklt=1 applbkl=0 -v 
36:295  0:000  === [ ScanLoader ] ========================================
36:295  0:000  - [01]: 'EFI'
36:366  0:071  - [03]: 'Preboot'
36:396  0:029          AddLoaderEntry for Volume Name=Preboot
36:418  0:021      hibernated: set as never
36:432  0:014          AddLoaderEntry for Volume Name=Preboot
36:515  0:083  - [04]: 'macOS TS128'
36:567  0:052          AddLoaderEntry for Volume Name=macOS TS128
36:599  0:031      hibernated: set as never
36:698  0:098  - [05]: 'Recovery'
36:724  0:026          AddLoaderEntry for Volume Name=Recovery
36:813  0:089  - [06]: 'VM'
36:847  0:033  === [ AddCustomTool ] =====================================
36:851  0:003  found tool \EFI\CLOVER\tools\Shell64U.efi
36:851  0:000  Checking EFI partition Volume 1 for Clover
36:854  0:002   Found Clover
36:856  0:001  EmuVariable UninstallEmulation: CloseEvent = Invalid Parameter, original var services restored
36:863  0:007  EmuVariable InstallEmulation: orig vars copied, emu.var.services installed, CreateEvent VirtualAddressChange = Success, CreateEvent ExitBootServices = Success, set Status=Success
36:899  0:035  === [ GetEfiBootDeviceFromNvram ] =========================
36:899  0:000  Default boot entry not found
36:899  0:000  EmuVariable UninstallEmulation: CloseEvent = Success, original var services restored
36:899  0:000  DefaultIndex=-1 and MainMenu.EntryCount=10
46:971  10:072  Found UEFI Acpi 2.0 RSDP at 3A420000
46:971  0:000  Saving ACPI tables from RSDP 3A420000 to EFI\CLOVER\ACPI\origin ...
46:971  0:000   3A420000: 'RSD PTR ', Rev: 2 (Acpi 2.0 or newer), Len: 36 -> RSDP.aml
47:013  0:041    (Xsdt: 3A4200B8, Rsdt: 3A420028)
47:013  0:000    3A4200B8: 'XSDT', 'GBTUACPI', Rev: 1, Len: 236 -> XSDT.aml
47:048  0:035    3A420028: 'RSDT', 'GBTUACPI', Rev: 1, Len: 136 -> RSDT.aml
47:081  0:033    Tables in Xsdt: 25
47:081  0:000    0. 3A461440: 'FACP', 'GBTUACPI', Rev: 6, Len: 276 -> FACP.aml
47:132  0:050        (Dsdt: 3A420230, Facs: 3A614080, XDsdt: 3A420230, XFacs: 0)
47:132  0:000        3A420230: 'DSDT', 'GBTUACPI', Rev: 2, Len: 266763 -> DSDT.aml
47:191  0:059        3A614080: 'FACS', Ver: 2, Len: 64 -> FACS.aml
47:232  0:041    1. 3A461558: 'APIC', 'GBTUACPI', Rev: 4, Len: 244 -> APIC.aml
47:274  0:042    2. 3A461650: 'FPDT', 'GBTUACPI', Rev: 1, Len: 68 -> FPDT.aml
47:308  0:033    3. 3A461698: 'FIDT', 'GBTUACPI', Rev: 1, Len: 156 -> FIDT.aml
47:341  0:032    4. 3A461738: 'MCFG', 'GBTUACPI', Rev: 1, Len: 60 -> MCFG.aml
47:400  0:059    5. 3A461778: 'SSDT', 'SataTabl', Rev: 1, Len: 820 -> SSDT-0-SataTabl.aml
47:441  0:041    6. 3A461AB0: 'SSDT', 'CpuSsdt', Rev: 2, Len: 6101 -> SSDT-1-CpuSsdt.aml (Found hidden SSDT 7 pcs)
47:482  0:041        * 3A3D4298: 'SSDT', 'Cpu0Ist', Rev: 2, Len: 1470  53 53 44 54 BE 05 00 00 02 D2 50 6D 52 65 66 00 Internal length = 1470 -> SSDT-x1_0-Cpu0Ist.aml
47:524  0:042        * 3A3CC018: 'SSDT', 'ApIst', Rev: 2, Len: 3825  53 53 44 54 F1 0E 00 00 02 ED 50 6D 52 65 66 00 Internal length = 3825 -> SSDT-x1_1-ApIst.aml
47:587  0:062        * 3A3CB018: 'SSDT', 'Cpu0Cst', Rev: 2, Len: 1024  53 53 44 54 00 04 00 00 02 D9 50 6D 52 65 66 00 Internal length = 1024 -> SSDT-x1_2-Cpu0Cst.aml
47:628  0:041        * 3A3CDA98: 'SSDT', 'ApCst', Rev: 2, Len: 778  53 53 44 54 0A 03 00 00 02 E9 50 6D 52 65 66 00 Internal length = 778 -> SSDT-x1_3-ApCst.aml
47:681  0:052        * 3A3D4918: 'SSDT', 'Cpu0Hwp', Rev: 2, Len: 266  53 53 44 54 0A 01 00 00 02 9F 50 6D 52 65 66 00 Internal length = 266 -> SSDT-x1_4-Cpu0Hwp.aml
47:723  0:042        * 3A3CB698: 'SSDT', 'ApHwp', Rev: 2, Len: 791  53 53 44 54 17 03 00 00 02 E3 50 6D 52 65 66 00 Internal length = 791 -> SSDT-x1_5-ApHwp.aml
47:767  0:043        * 3A3CD018: 'SSDT', 'HwpLvt', Rev: 2, Len: 1828  53 53 44 54 24 07 00 00 02 CA 50 6D 52 65 66 00 Internal length = 1828 -> SSDT-x1_6-HwpLvt.aml
47:809  0:042  
47:809  0:000    7. 3A463288: 'MSDM', 'GBTUACPI', Rev: 3, Len: 85 -> MSDM.aml
47:844  0:034    8. 3A4632E0: 'SLIC', 'GBTUACPI', Rev: 1, Len: 374 -> SLIC.aml
47:893  0:049    9. 3A463458: 'SSDT', 'SaSsdt', Rev: 2, Len: 12743 -> SSDT-2-SaSsdt.aml
47:950  0:056    10. 3A466620: 'SSDT', 'PegSsdt', Rev: 2, Len: 8135 -> SSDT-3-PegSsdt.aml
47:994  0:044    11. 3A4685E8: 'HPET', 'GBTUACPI', Rev: 1, Len: 56 -> HPET.aml
48:028  0:033    12. 3A468620: 'SSDT', 'Ther_Rvp', Rev: 2, Len: 3998 -> SSDT-4-Ther_Rvp.aml
48:077  0:049    13. 3A4695C0: 'SSDT', 'xh_cfhd4', Rev: 2, Len: 10572 -> SSDT-5-xh_cfhd4.aml
48:120  0:042    14. 3A46BF10: 'UEFI', 'GBTUACPI', Rev: 1, Len: 72 -> UEFI.aml
48:153  0:033    15. 3A46BF58: 'LPIT', 'GBTUACPI', Rev: 1, Len: 92 -> LPIT.aml
48:187  0:034    16. 3A46BFB8: 'SSDT', 'PtidDevc', Rev: 2, Len: 10206 -> SSDT-6-PtidDevc.aml
48:237  0:050    17. 3A46E798: 'SSDT', 'TbtTypeC', Rev: 2, Len: 4226 -> SSDT-7-TbtTypeC.aml
48:282  0:044    18. 3A46F820: 'DBGP', 'GBTUACPI', Rev: 1, Len: 52 -> DBGP.aml
48:324  0:042    19. 3A46F858: 'DBG2', 'GBTUACPI', Rev: 0, Len: 84 -> DBG2.aml
48:357  0:032    20. 3A46F8B0: 'SSDT', 'SgPeg', Rev: 2, Len: 174 -> SSDT-8-SgPeg.aml
48:387  0:030    21. 3A46F960: 'DMAR', 'EDK2', Rev: 1, Len: 168 -> DMAR.aml
48:437  0:049    22. 3A46FA08: 'BGRT', 'GBTUACPI', Rev: 1, Len: 56 -> BGRT.aml
48:480  0:042    23. 3A46FA40: 'SSDT', 'OptTabl', Rev: 1, Len: 7801 -> SSDT-9-OptTabl.aml
48:522  0:041    24. 3A4718C0: 'WSMT', 'GBTUACPI', Rev: 1, Len: 40 -> WSMT.aml
48:552  0:030    Tables in Rsdt: 25
48:552  0:000    0. 3A4201A8: 'FACP', 'GBTUACPI', Rev: 2, Len: 132 -> RSDT-FACP.aml
48:584  0:032        (Dsdt: 3A420230, Facs: 3A614040)
48:584  0:000        3A420230: 'DSDT', 'GBTUACPI', Rev: 2, Len: 266763
48:598  0:013        3A614040: 'FACS', Ver: 0, Len: 64 -> RSDT-FACS.aml
48:646  0:047    1. 3A461558: 'APIC', 'GBTUACPI', Rev: 4, Len: 244
48:646  0:000    2. 3A461650: 'FPDT', 'GBTUACPI', Rev: 1, Len: 68
48:646  0:000    3. 3A461698: 'FIDT', 'GBTUACPI', Rev: 1, Len: 156
48:646  0:000    4. 3A461738: 'MCFG', 'GBTUACPI', Rev: 1, Len: 60
48:646  0:000    5. 3A461778: 'SSDT', 'SataTabl', Rev: 1, Len: 820
48:646  0:000    6. 3A461AB0: 'SSDT', 'CpuSsdt', Rev: 2, Len: 6101
48:646  0:000    7. 3A463288: 'MSDM', 'GBTUACPI', Rev: 3, Len: 85
48:646  0:000    8. 3A4632E0: 'SLIC', 'GBTUACPI', Rev: 1, Len: 374
48:646  0:000    9. 3A463458: 'SSDT', 'SaSsdt', Rev: 2, Len: 12743
48:646  0:000    10. 3A466620: 'SSDT', 'PegSsdt', Rev: 2, Len: 8135
48:646  0:000    11. 3A4685E8: 'HPET', 'GBTUACPI', Rev: 1, Len: 56
48:646  0:000    12. 3A468620: 'SSDT', 'Ther_Rvp', Rev: 2, Len: 3998
48:646  0:000    13. 3A4695C0: 'SSDT', 'xh_cfhd4', Rev: 2, Len: 10572
48:646  0:000    14. 3A46BF10: 'UEFI', 'GBTUACPI', Rev: 1, Len: 72
48:646  0:000    15. 3A46BF58: 'LPIT', 'GBTUACPI', Rev: 1, Len: 92
48:646  0:000    16. 3A46BFB8: 'SSDT', 'PtidDevc', Rev: 2, Len: 10206
48:646  0:000    17. 3A46E798: 'SSDT', 'TbtTypeC', Rev: 2, Len: 4226
48:646  0:000    18. 3A46F820: 'DBGP', 'GBTUACPI', Rev: 1, Len: 52
48:646  0:000    19. 3A46F858: 'DBG2', 'GBTUACPI', Rev: 0, Len: 84
48:646  0:000    20. 3A46F8B0: 'SSDT', 'SgPeg', Rev: 2, Len: 174
48:646  0:000    21. 3A46F960: 'DMAR', 'EDK2', Rev: 1, Len: 168
48:646  0:000    22. 3A46FA08: 'BGRT', 'GBTUACPI', Rev: 1, Len: 56
48:646  0:000    23. 3A46FA40: 'SSDT', 'OptTabl', Rev: 1, Len: 7801
48:646  0:000    24. 3A4718C0: 'WSMT', 'GBTUACPI', Rev: 1, Len: 40
48:646  0:000  Found UEFI Acpi 1.0 RSDP at 3A420000
48:646  0:000  Printing ACPI tables from RSDP 3A420000 ...
48:646  0:000   3A420000: 'RSD PTR ', Rev: 2 (Acpi 2.0 or newer), Len: 36
48:646  0:000    (Xsdt: 3A4200B8, Rsdt: 3A420028)
48:646  0:000    3A4200B8: 'XSDT', 'GBTUACPI', Rev: 1, Len: 236
48:646  0:000    3A420028: 'RSDT', 'GBTUACPI', Rev: 1, Len: 136
48:646  0:000    Tables in Xsdt: 25
48:646  0:000    0. 3A461440: 'FACP', 'GBTUACPI', Rev: 6, Len: 276
48:646  0:000        (Dsdt: 3A420230, Facs: 3A614080, XDsdt: 3A420230, XFacs: 0)
48:646  0:000        3A420230: 'DSDT', 'GBTUACPI', Rev: 2, Len: 266763
48:660  0:013        3A614080: 'FACS', Ver: 2, Len: 64
48:660  0:000    1. 3A461558: 'APIC', 'GBTUACPI', Rev: 4, Len: 244
48:660  0:000    2. 3A461650: 'FPDT', 'GBTUACPI', Rev: 1, Len: 68
48:660  0:000    3. 3A461698: 'FIDT', 'GBTUACPI', Rev: 1, Len: 156
48:660  0:000    4. 3A461738: 'MCFG', 'GBTUACPI', Rev: 1, Len: 60
48:660  0:000    5. 3A461778: 'SSDT', 'SataTabl', Rev: 1, Len: 820
48:660  0:000    6. 3A461AB0: 'SSDT', 'CpuSsdt', Rev: 2, Len: 6101
48:660  0:000    7. 3A463288: 'MSDM', 'GBTUACPI', Rev: 3, Len: 85
48:660  0:000    8. 3A4632E0: 'SLIC', 'GBTUACPI', Rev: 1, Len: 374
48:660  0:000    9. 3A463458: 'SSDT', 'SaSsdt', Rev: 2, Len: 12743
48:660  0:000    10. 3A466620: 'SSDT', 'PegSsdt', Rev: 2, Len: 8135
48:660  0:000    11. 3A4685E8: 'HPET', 'GBTUACPI', Rev: 1, Len: 56
48:660  0:000    12. 3A468620: 'SSDT', 'Ther_Rvp', Rev: 2, Len: 3998
48:660  0:000    13. 3A4695C0: 'SSDT', 'xh_cfhd4', Rev: 2, Len: 10572
48:660  0:000    14. 3A46BF10: 'UEFI', 'GBTUACPI', Rev: 1, Len: 72
48:660  0:000    15. 3A46BF58: 'LPIT', 'GBTUACPI', Rev: 1, Len: 92
48:660  0:000    16. 3A46BFB8: 'SSDT', 'PtidDevc', Rev: 2, Len: 10206
48:660  0:000    17. 3A46E798: 'SSDT', 'TbtTypeC', Rev: 2, Len: 4226
48:660  0:000    18. 3A46F820: 'DBGP', 'GBTUACPI', Rev: 1, Len: 52
48:660  0:000    19. 3A46F858: 'DBG2', 'GBTUACPI', Rev: 0, Len: 84
48:660  0:000    20. 3A46F8B0: 'SSDT', 'SgPeg', Rev: 2, Len: 174
48:660  0:000    21. 3A46F960: 'DMAR', 'EDK2', Rev: 1, Len: 168
48:660  0:000    22. 3A46FA08: 'BGRT', 'GBTUACPI', Rev: 1, Len: 56
48:660  0:000    23. 3A46FA40: 'SSDT', 'OptTabl', Rev: 1, Len: 7801
48:660  0:000    24. 3A4718C0: 'WSMT', 'GBTUACPI', Rev: 1, Len: 40
48:660  0:000    Tables in Rsdt: 25
48:660  0:000    0. 3A4201A8: 'FACP', 'GBTUACPI', Rev: 2, Len: 132
48:660  0:000        (Dsdt: 3A420230, Facs: 3A614040)
48:660  0:000        3A420230: 'DSDT', 'GBTUACPI', Rev: 2, Len: 266763
48:674  0:013        3A614040: 'FACS', Ver: 0, Len: 64
48:674  0:000    1. 3A461558: 'APIC', 'GBTUACPI', Rev: 4, Len: 244
48:674  0:000    2. 3A461650: 'FPDT', 'GBTUACPI', Rev: 1, Len: 68
48:674  0:000    3. 3A461698: 'FIDT', 'GBTUACPI', Rev: 1, Len: 156
48:674  0:000    4. 3A461738: 'MCFG', 'GBTUACPI', Rev: 1, Len: 60
48:674  0:000    5. 3A461778: 'SSDT', 'SataTabl', Rev: 1, Len: 820
48:674  0:000    6. 3A461AB0: 'SSDT', 'CpuSsdt', Rev: 2, Len: 6101
48:674  0:000    7. 3A463288: 'MSDM', 'GBTUACPI', Rev: 3, Len: 85
48:674  0:000    8. 3A4632E0: 'SLIC', 'GBTUACPI', Rev: 1, Len: 374
48:674  0:000    9. 3A463458: 'SSDT', 'SaSsdt', Rev: 2, Len: 12743
48:674  0:000    10. 3A466620: 'SSDT', 'PegSsdt', Rev: 2, Len: 8135
48:674  0:000    11. 3A4685E8: 'HPET', 'GBTUACPI', Rev: 1, Len: 56
48:674  0:000    12. 3A468620: 'SSDT', 'Ther_Rvp', Rev: 2, Len: 3998
48:674  0:000    13. 3A4695C0: 'SSDT', 'xh_cfhd4', Rev: 2, Len: 10572
48:674  0:000    14. 3A46BF10: 'UEFI', 'GBTUACPI', Rev: 1, Len: 72
48:674  0:000    15. 3A46BF58: 'LPIT', 'GBTUACPI', Rev: 1, Len: 92
48:674  0:000    16. 3A46BFB8: 'SSDT', 'PtidDevc', Rev: 2, Len: 10206
48:674  0:000    17. 3A46E798: 'SSDT', 'TbtTypeC', Rev: 2, Len: 4226
48:674  0:000    18. 3A46F820: 'DBGP', 'GBTUACPI', Rev: 1, Len: 52
48:674  0:000    19. 3A46F858: 'DBG2', 'GBTUACPI', Rev: 0, Len: 84
48:674  0:000    20. 3A46F8B0: 'SSDT', 'SgPeg', Rev: 2, Len: 174
48:674  0:000    21. 3A46F960: 'DMAR', 'EDK2', Rev: 1, Len: 168
48:674  0:000    22. 3A46FA08: 'BGRT', 'GBTUACPI', Rev: 1, Len: 56
48:674  0:000    23. 3A46FA40: 'SSDT', 'OptTabl', Rev: 1, Len: 7801
48:674  0:000    24. 3A4718C0: 'WSMT', 'GBTUACPI', Rev: 1, Len: 40
57:308  8:634  BootVariable of the entry is empty
57:308  0:000  === [ StartLoader ] =======================================
57:308  0:000  Finally: ExternalClock=25MHz BusSpeed=100381kHz CPUFreq=2208MHz PIS: hw.busfrequency=100000000Hz
57:308  0:000  Loading boot.efi  status=Success
57:331  0:022  GetOSVersion: 10.13.6 (17G65)
57:331  0:000  CSR_CFG: CSR_ALLOW_UNTRUSTED_KEXTS | CSR_ALLOW_UNRESTRICTED_FS | CSR_ALLOW_TASK_FOR_PID | CSR_ALLOW_UNRESTRICTED_DTRACE | CSR_ALLOW_UNRESTRICTED_NVRAM
57:331  0:000  Filtering KextPatches:
57:331  0:000   - [00]: IOBufferCopyController (disable IOBufferCopyController (Credit by DalianSky)) :: PlistPatch :: [OS: 10.13.6 | MatchOS: All | MatchBuild: All] ==> allowed
57:331  0:000   - [01]: AppleIntelLpssI2C (Disable AppleIntelLpssI2C (credit by Coolstar)) :: PlistPatch :: [OS: 10.13.6 | MatchOS: All | MatchBuild: All] ==> allowed
57:331  0:000   - [02]: AppleIntelLpssI2CController (Disable AppleIntelLpssI2CCOntroller (credit by Coolstar)) :: PlistPatch :: [OS: 10.13.6 | MatchOS: All | MatchBuild: All] ==> allowed
57:331  0:000   - [03]: com.apple.iokit.IOAHCIBlockStorage (Enable TRIM for SSD) :: BinPatch :: [OS: 10.13.6 | MatchOS: All | MatchBuild: All] ==> allowed
57:331  0:000   - [04]: AppleAHCIPort (External icons patch) :: BinPatch :: [OS: 10.13.6 | MatchOS: All | MatchBuild: All] ==> allowed
57:331  0:000   - [05]: com.apple.driver.usb.AppleUSBXHCI (disable port limit in XHCI kext (credit RehabMan, based prior PMHeart patch)) :: BinPatch :: [OS: 10.13.6 | MatchOS: 10.13.6 | MatchBuild: All] ==> allowed
57:331  0:000  Filtering KernelPatches:
57:331  0:000   - [00]: MSR 0xE2 _xcpm_idle instant reboot(c) Pike R. Alpha :: [OS: 10.13.6 | MatchOS: All | MatchBuild: no] ==> allowed by OS
57:331  0:000  Will not patch boot.efi
57:331  0:000  EmuVariable InstallEmulation: orig vars copied, emu.var.services installed, CreateEvent VirtualAddressChange = Success, CreateEvent ExitBootServices = Success, set Status=Success
57:368  0:036  === [ PatchSmbios ] =======================================
57:368  0:000  insert table 9 for dev 0:0
57:368  0:000  insert table 9 for dev 0:0
57:368  0:000  insert table 9 for dev 0:0
57:371  0:002  Trusting SMBIOS...
57:371  0:000  Channels: 1
57:371  0:000  Interleave: 0 1 2 3 4 5 6 7 8 9 10 11 12 13 14 15 16 17 18 19 20 21 22 23
57:371  0:000  SMBIOS Type 17 Index = 0 => 0 0:
57:371  0:000  BANK 0 DIMM0 EMPTY
57:371  0:000  SMBIOS Type 17 Index = 1 => 1 1:
57:371  0:000  BANK 0 DIMM1 EMPTY
57:371  0:000   partNum=TN416G26D819-SB     
57:371  0:000  SMBIOS Type 17 Index = 2 => 2 2:
57:371  0:000  BANK 0 DIMM2 2667MHz 16384MB
57:371  0:000  mTotalSystemMemory = 16384
57:371  0:000  NumberOfMemoryDevices = 3
57:371  0:000  Type20[0]->End = 0xFFFFFF, Type17[2] = 0x4000
57:371  0:000  Table 131 is present, CPUType=31
57:371  0:000  Change to: 705
57:371  0:000  === [ PatchACPI ] =========================================
57:371  0:000  Xsdt reallocation done
57:371  0:000  old FADT length=114
57:371  0:000   SignatureFixup: 0xEFC56F0C -> 0x0
57:375  0:003  Apply DsdtFixMask=0x01004000
57:375  0:000     drop _DSM mask=0x0000
57:375  0:000  === [ FixBiosDsdt ] =======================================
57:375  0:000  VideoCard devID=0x1C2010DE
57:375  0:000  DisplayADR1[0] = 0x10000, DisplayADR2[0] = 0x0
57:375  0:000  VideoCard devID=0x3E9B8086
57:375  0:000  DisplayADR1[1] = 0x20000, DisplayADR2[1] = 0xFFFE
57:375  0:000  USBADR[0] = 0x140000 and PCIe = 0xFFFE
58:631  1:255  Patching DSDT:
58:631  0:000   - [change H_EC to EC]: pattern 485F4543, patched at: [ (2A2) (532) (CA60) (10) (6EA7) (15) (985) (16) (16) (33) (FE9) (12) (F) (19) (12) (F) (17276) (24) (119C9) (516) ]
58:632  0:000   - [change HECI to IMEI]: pattern 48454349, patched at: [ (11BF4) (17746) (1FAE) ]
58:633  0:000   - [change SAT0 to SATA]: pattern 53415430, patched at: [ (364) (12) (1CA) (16) (16) (16) (16) (16) (16) (16) (16) (16) (16) (16) (D994) (222A) (27) (28) (28) (28) (28) (28) (29) (29) (29) (29) (29) (31) (27) (28) (28) (28) (28) (28) (29) (29) (29) (29) (29) (18B63) (1A00) (21) (10B) (4D1) (1B3) (29) (2E) (2E) (2E) ]
58:634  0:001   - [change GFX0 to IGPU, optionally pair with SSDT-IGPU.aml]: pattern 47465830, patched at: [ (51) (E) (12) (12) (12) (5E) (12) (12) (77) (12) (64D) (12) (3619) (53F9) (AEF4) (1B) (3A87) (14) (11526) (1B84) (13B40) (20AF) (16) (750) ]
58:635  0:001   - [change HDAS to HDEF, optionally pair with SSDT-HDEF.aml]: pattern 48444153, patched at: [ (2E4) (12) (12) (D1BB) (76) (3F) (66) (A7) (DB) (89) (1BBA5) (19D0) (A748) (8FCC) ]
58:636  0:000   - [change Method(_PTS,1,N) to ZPTS, pair with SSDT-PTSWAK.aml]: pattern 5F505453, patched at: [ (8C55) ]
58:636  0:000   - [change Method(_WAK,1,N) to ZWAK, pair with SSDT-PTSWAK.aml]: pattern 5F57414B, patched at: [ (8C98) ]
58:637  0:000   - [change Method(GPRW,2,N) to XPRW, pair with SSDT-GPRW.aml]: pattern 47505257, patched at: [ (15861) ]
58:638  0:000   - [change _OSI to XOSI, pair with SSDT-XOSI.aml]: pattern 5F4F5349, patched at: [ (90AA) (BDCB) (3) (18) (1C) (1C) (1A) (18) (18) (18) (18) (2B8B2) (16) (16) (16) (209) (16) (16) (16) (3B) (16) (16) (16) ]
58:639  0:000   - [change OSID to XSID (to avoid match against _OSI XOSI patch)]: pattern 4F534944, bin not found / already patched!
58:640  0:000  first CPU found at 8CE6 offset 8CE9
58:640  0:000  score candidate at 8CE2
58:640  0:000  score inserted in acpi_cpu_score _SB_
58:640  0:000  Found ACPI CPU: PR00 | PR01 | PR02 | PR03 | PR04 | PR05 | PR06 | PR07 | PR08 | PR09 | PR10 | PR11 | PR12 | PR13 | PR14 | PR15 , within the score: _SB_
58:643  0:003  Found PCIROOTUID = 0
58:646  0:002  Start Airport Fix
58:647  0:000  found Airport device [001B0003:0] at 7F57 And Name is PXSX
58:647  0:000  AirportADR=7F57 add patch size=9B
58:647  0:000  adr 7F57 size of arpt=1B
58:648  0:001  Start PNLF Fix
58:651  0:003  found PWRB at 3E854
58:652  0:000  PreCleanup XSDT: count=25, length=236
58:652  0:000  PreCleanup XSDT, corrected XSDT: count=25, length=236
58:652  0:000  === [ ACPIPatchedAML ] ====================================
58:652  0:000  AutoMerge pass 1
58:652  0:000  Unsorted
58:652  0:000  Inserting SSDT-PNLF.aml from EFI\CLOVER\ACPI\patched: ignore on pass 1
58:652  0:000  Inserting SSDT-USBX.aml from EFI\CLOVER\ACPI\patched: ignore on pass 1
58:652  0:000  Disabled: SSDT-Disable-DGPU.aml, skip
58:652  0:000  Inserting SSDT-DTPG.aml from EFI\CLOVER\ACPI\patched: ignore on pass 1
58:652  0:000  Inserting SSDT-BATT.aml from EFI\CLOVER\ACPI\patched: ignore on pass 1
58:652  0:000  Inserting SSDT-XOSI.aml from EFI\CLOVER\ACPI\patched: ignore on pass 1
58:652  0:000  Inserting SSDT-EC.aml from EFI\CLOVER\ACPI\patched: ignore on pass 1
58:652  0:000  Inserting SSDT-GPRW.aml from EFI\CLOVER\ACPI\patched: ignore on pass 1
58:652  0:000  Inserting SSDT-TB3.aml from EFI\CLOVER\ACPI\patched: ignore on pass 1
58:652  0:000  Inserting SSDT-UIAC.aml from EFI\CLOVER\ACPI\patched: ignore on pass 1
58:652  0:000  Inserting SSDT-PTSWAK.aml from EFI\CLOVER\ACPI\patched: ignore on pass 1
58:652  0:000  Inserting SSDT-XCPM.aml from EFI\CLOVER\ACPI\patched: ignore on pass 1
58:652  0:000  === [ ACPIDropTables ] ====================================
58:652  0:000  Drop tables from XSDT, SIGN=DMAR TableID=EDK2     Length=168
58:652  0:000   Table[21]: DMAR  EDK2      168 dropped
58:652  0:000  === [ PatchAllSSDT ] ======================================
58:652  0:000  Patch table: SSDT  SataTabl len=0x334
58:652  0:000  0. [change H_EC to EC]: pattern 485F4543, bin not found / already patched!
58:652  0:000  1. [change HECI to IMEI]: pattern 48454349, bin not found / already patched!
58:652  0:000  2. [change SAT0 to SATA]: pattern 53415430, patched at: [ (20) (E) (12) (12) (12) (12) (12) (AB) ]
58:652  0:000  3. [change GFX0 to IGPU, optionally pair with SSDT-IGPU.aml]: pattern 47465830, bin not found / already patched!
58:652  0:000  4. [change HDAS to HDEF, optionally pair with SSDT-HDEF.aml]: pattern 48444153, bin not found / already patched!
58:652  0:000  5. [change Method(_PTS,1,N) to ZPTS, pair with SSDT-PTSWAK.aml]: pattern 5F505453, bin not found / already patched!
58:652  0:000  6. [change Method(_WAK,1,N) to ZWAK, pair with SSDT-PTSWAK.aml]: pattern 5F57414B, bin not found / already patched!
58:652  0:000  7. [change Method(GPRW,2,N) to XPRW, pair with SSDT-GPRW.aml]: pattern 47505257, bin not found / already patched!
58:652  0:000  8. [change _OSI to XOSI, pair with SSDT-XOSI.aml]: pattern 5F4F5349, bin not found / already patched!
58:652  0:000  9. [change OSID to XSID (to avoid match against _OSI XOSI patch)]: pattern 4F534944, bin not found / already patched!
58:652  0:000  Patch table: SSDT  CpuSsdt len=0x17D5
58:652  0:000  0. [change H_EC to EC]: pattern 485F4543, bin not found / already patched!
58:652  0:000  1. [change HECI to IMEI]: pattern 48454349, bin not found / already patched!
58:653  0:000  2. [change SAT0 to SATA]: pattern 53415430, bin not found / already patched!
58:653  0:000  3. [change GFX0 to IGPU, optionally pair with SSDT-IGPU.aml]: pattern 47465830, bin not found / already patched!
58:653  0:000  4. [change HDAS to HDEF, optionally pair with SSDT-HDEF.aml]: pattern 48444153, bin not found / already patched!
58:653  0:000  5. [change Method(_PTS,1,N) to ZPTS, pair with SSDT-PTSWAK.aml]: pattern 5F505453, bin not found / already patched!
58:653  0:000  6. [change Method(_WAK,1,N) to ZWAK, pair with SSDT-PTSWAK.aml]: pattern 5F57414B, bin not found / already patched!
58:653  0:000  7. [change Method(GPRW,2,N) to XPRW, pair with SSDT-GPRW.aml]: pattern 47505257, bin not found / already patched!
58:653  0:000  8. [change _OSI to XOSI, pair with SSDT-XOSI.aml]: pattern 5F4F5349, bin not found / already patched!
58:653  0:000  9. [change OSID to XSID (to avoid match against _OSI XOSI patch)]: pattern 4F534944, bin not found / already patched!
58:653  0:000  Patch table: SSDT  SaSsdt  len=0x31C7
58:653  0:000  0. [change H_EC to EC]: pattern 485F4543, bin not found / already patched!
58:653  0:000  1. [change HECI to IMEI]: pattern 48454349, bin not found / already patched!
58:653  0:000  2. [change SAT0 to SATA]: pattern 53415430, bin not found / already patched!
58:653  0:000  3. [change GFX0 to IGPU, optionally pair with SSDT-IGPU.aml]: pattern 47465830, patched at: [ (2D) (3A) (46) (2C1) (1C9B) (A3A) (1D) (6AF) ]
58:653  0:000  4. [change HDAS to HDEF, optionally pair with SSDT-HDEF.aml]: pattern 48444153, bin not found / already patched!
58:653  0:000  5. [change Method(_PTS,1,N) to ZPTS, pair with SSDT-PTSWAK.aml]: pattern 5F505453, bin not found / already patched!
58:653  0:000  6. [change Method(_WAK,1,N) to ZWAK, pair with SSDT-PTSWAK.aml]: pattern 5F57414B, bin not found / already patched!
58:653  0:000  7. [change Method(GPRW,2,N) to XPRW, pair with SSDT-GPRW.aml]: pattern 47505257, bin not found / already patched!
58:653  0:000  8. [change _OSI to XOSI, pair with SSDT-XOSI.aml]: pattern 5F4F5349, bin not found / already patched!
58:653  0:000  9. [change OSID to XSID (to avoid match against _OSI XOSI patch)]: pattern 4F534944, bin not found / already patched!
58:653  0:000  Patch table: SSDT  PegSsdt len=0x1FC7
58:653  0:000  0. [change H_EC to EC]: pattern 485F4543, bin not found / already patched!
58:653  0:000  1. [change HECI to IMEI]: pattern 48454349, bin not found / already patched!
58:654  0:000  2. [change SAT0 to SATA]: pattern 53415430, bin not found / already patched!
58:654  0:000  3. [change GFX0 to IGPU, optionally pair with SSDT-IGPU.aml]: pattern 47465830, bin not found / already patched!
58:654  0:000  4. [change HDAS to HDEF, optionally pair with SSDT-HDEF.aml]: pattern 48444153, bin not found / already patched!
58:654  0:000  5. [change Method(_PTS,1,N) to ZPTS, pair with SSDT-PTSWAK.aml]: pattern 5F505453, bin not found / already patched!
58:654  0:000  6. [change Method(_WAK,1,N) to ZWAK, pair with SSDT-PTSWAK.aml]: pattern 5F57414B, bin not found / already patched!
58:654  0:000  7. [change Method(GPRW,2,N) to XPRW, pair with SSDT-GPRW.aml]: pattern 47505257, bin not found / already patched!
58:654  0:000  8. [change _OSI to XOSI, pair with SSDT-XOSI.aml]: pattern 5F4F5349, bin not found / already patched!
58:654  0:000  9. [change OSID to XSID (to avoid match against _OSI XOSI patch)]: pattern 4F534944, bin not found / already patched!
58:654  0:000  Patch table: SSDT  Ther_Rvp len=0xF9E
58:654  0:000  0. [change H_EC to EC]: pattern 485F4543, patched at: [ (1FE) (16) (16) (16) (16) (16) (16) (16) (4E2) (22) (18) (20) (18) (15) (15) (13) (257) (14) ]
58:654  0:000  1. [change HECI to IMEI]: pattern 48454349, bin not found / already patched!
58:654  0:000  2. [change SAT0 to SATA]: pattern 53415430, bin not found / already patched!
58:654  0:000  3. [change GFX0 to IGPU, optionally pair with SSDT-IGPU.aml]: pattern 47465830, bin not found / already patched!
58:654  0:000  4. [change HDAS to HDEF, optionally pair with SSDT-HDEF.aml]: pattern 48444153, bin not found / already patched!
58:654  0:000  5. [change Method(_PTS,1,N) to ZPTS, pair with SSDT-PTSWAK.aml]: pattern 5F505453, bin not found / already patched!
58:654  0:000  6. [change Method(_WAK,1,N) to ZWAK, pair with SSDT-PTSWAK.aml]: pattern 5F57414B, bin not found / already patched!
58:654  0:000  7. [change Method(GPRW,2,N) to XPRW, pair with SSDT-GPRW.aml]: pattern 47505257, bin not found / already patched!
58:654  0:000  8. [change _OSI to XOSI, pair with SSDT-XOSI.aml]: pattern 5F4F5349, bin not found / already patched!
58:654  0:000  9. [change OSID to XSID (to avoid match against _OSI XOSI patch)]: pattern 4F534944, bin not found / already patched!
58:654  0:000  Patch table: SSDT  xh_cfhd4 len=0x294C
58:654  0:000  0. [change H_EC to EC]: pattern 485F4543, bin not found / already patched!
58:654  0:000  1. [change HECI to IMEI]: pattern 48454349, bin not found / already patched!
58:654  0:000  2. [change SAT0 to SATA]: pattern 53415430, bin not found / already patched!
58:654  0:000  3. [change GFX0 to IGPU, optionally pair with SSDT-IGPU.aml]: pattern 47465830, bin not found / already patched!
58:654  0:000  4. [change HDAS to HDEF, optionally pair with SSDT-HDEF.aml]: pattern 48444153, bin not found / already patched!
58:654  0:000  5. [change Method(_PTS,1,N) to ZPTS, pair with SSDT-PTSWAK.aml]: pattern 5F505453, bin not found / already patched!
58:654  0:000  6. [change Method(_WAK,1,N) to ZWAK, pair with SSDT-PTSWAK.aml]: pattern 5F57414B, bin not found / already patched!
58:654  0:000  7. [change Method(GPRW,2,N) to XPRW, pair with SSDT-GPRW.aml]: pattern 47505257, bin not found / already patched!
58:655  0:000  8. [change _OSI to XOSI, pair with SSDT-XOSI.aml]: pattern 5F4F5349, bin not found / already patched!
58:655  0:000  9. [change OSID to XSID (to avoid match against _OSI XOSI patch)]: pattern 4F534944, bin not found / already patched!
58:655  0:000  Patch table: SSDT  PtidDevc len=0x27DE
58:655  0:000  0. [change H_EC to EC]: pattern 485F4543, patched at: [ (24) (57) (16) (16) (16) (16) (16) (16) (16) (16) (28) (16) (16) (16) (16) (16) (16) (16) (16) (16) (16) (16) (16) (16) (16) (16) (16) (16) (16) (16) (16) (16) (16) (16) (16) (16) (16) (16) (16) (16) (16) (16) (16) (16) (16) (16) (16) (16) (16) (16) (16) (16) (16) (16) (16) (16) (16) (16) (16) (16) (16) (16) (16) (16) (16) (16) (16) (16) (16) (16) (16) (16) (16) (16) (16) (95B) (16) (14) (21) (14) (21) (14) (21) (14) (22) (14) (25) (14) (25) (14) (13A) (16) (14) (21) (14) (21) (14) (21) (14) (21) (14) (22) (14) (25) (14) (25) (14) (B3) (15) (14) (1B) (14) (1D) (14) (1E) (14) (1C) (14) (1C) (14) (1C) (14) (1C) (14) (1C) (14) (1C) (14) (1C) (14) (1C) (14) (1C) (14) (1C) (14) (1C) (14) (35) (14) (16) (14) (44) (4E) (14) (1B) (14) (1B) (14) (4C) (14) (1B) (14) (AA) (15) (14) (1C) (14) (1C) (14) (1C) (14) (1C) (14) (1C) (14) (1C) (14) (1C) (14) (1C) (14) (1C) (14) (1C) (14) (1C) (14) (1C) (14) (1C) (14) (1C) (14) (1C) (14) (1C) (14) (1C) (14) (1C) (14) (1C) (14) (3A) (14) (1A) (13) (1A) (13) (1A) (13) (1A) (13) (1A) (13) (1A) (13) (1A) (13) (1A) (13) (1A) (13) (1A) (13) (1A) (13) (1A) (13) (1A) (13) (1A) (13) (1A) (13) (1A) (13) (1A) (13) (1A) (13) (1A) (13) (1A) (13) (21) (14) (21) (14) (23) (15) (14) (25) (15) (14) (19) (14) (1D) (14) (1D) (14) ]
58:655  0:000  1. [change HECI to IMEI]: pattern 48454349, bin not found / already patched!
58:655  0:000  2. [change SAT0 to SATA]: pattern 53415430, bin not found / already patched!
58:655  0:000  3. [change GFX0 to IGPU, optionally pair with SSDT-IGPU.aml]: pattern 47465830, bin not found / already patched!
58:655  0:000  4. [change HDAS to HDEF, optionally pair with SSDT-HDEF.aml]: pattern 48444153, bin not found / already patched!
58:655  0:000  5. [change Method(_PTS,1,N) to ZPTS, pair with SSDT-PTSWAK.aml]: pattern 5F505453, bin not found / already patched!
58:655  0:000  6. [change Method(_WAK,1,N) to ZWAK, pair with SSDT-PTSWAK.aml]: pattern 5F57414B, bin not found / already patched!
58:655  0:000  7. [change Method(GPRW,2,N) to XPRW, pair with SSDT-GPRW.aml]: pattern 47505257, bin not found / already patched!
58:655  0:000  8. [change _OSI to XOSI, pair with SSDT-XOSI.aml]: pattern 5F4F5349, bin not found / already patched!
58:655  0:000  9. [change OSID to XSID (to avoid match against _OSI XOSI patch)]: pattern 4F534944, bin not found / already patched!
58:655  0:000  Patch table: SSDT  TbtTypeC len=0x1082
58:655  0:000  0. [change H_EC to EC]: pattern 485F4543, bin not found / already patched!
58:655  0:000  1. [change HECI to IMEI]: pattern 48454349, bin not found / already patched!
58:655  0:000  2. [change SAT0 to SATA]: pattern 53415430, bin not found / already patched!
58:655  0:000  3. [change GFX0 to IGPU, optionally pair with SSDT-IGPU.aml]: pattern 47465830, bin not found / already patched!
58:655  0:000  4. [change HDAS to HDEF, optionally pair with SSDT-HDEF.aml]: pattern 48444153, bin not found / already patched!
58:655  0:000  5. [change Method(_PTS,1,N) to ZPTS, pair with SSDT-PTSWAK.aml]: pattern 5F505453, bin not found / already patched!
58:655  0:000  6. [change Method(_WAK,1,N) to ZWAK, pair with SSDT-PTSWAK.aml]: pattern 5F57414B, bin not found / already patched!
58:656  0:000  7. [change Method(GPRW,2,N) to XPRW, pair with SSDT-GPRW.aml]: pattern 47505257, bin not found / already patched!
58:656  0:000  8. [change _OSI to XOSI, pair with SSDT-XOSI.aml]: pattern 5F4F5349, bin not found / already patched!
58:656  0:000  9. [change OSID to XSID (to avoid match against _OSI XOSI patch)]: pattern 4F534944, bin not found / already patched!
58:656  0:000  Patch table: SSDT  SgPeg len=0xAE
58:656  0:000  0. [change H_EC to EC]: pattern 485F4543, bin not found / already patched!
58:656  0:000  1. [change HECI to IMEI]: pattern 48454349, bin not found / already patched!
58:656  0:000  2. [change SAT0 to SATA]: pattern 53415430, bin not found / already patched!
58:656  0:000  3. [change GFX0 to IGPU, optionally pair with SSDT-IGPU.aml]: pattern 47465830, bin not found / already patched!
58:656  0:000  4. [change HDAS to HDEF, optionally pair with SSDT-HDEF.aml]: pattern 48444153, bin not found / already patched!
58:656  0:000  5. [change Method(_PTS,1,N) to ZPTS, pair with SSDT-PTSWAK.aml]: pattern 5F505453, bin not found / already patched!
58:656  0:000  6. [change Method(_WAK,1,N) to ZWAK, pair with SSDT-PTSWAK.aml]: pattern 5F57414B, bin not found / already patched!
58:656  0:000  7. [change Method(GPRW,2,N) to XPRW, pair with SSDT-GPRW.aml]: pattern 47505257, bin not found / already patched!
58:656  0:000  8. [change _OSI to XOSI, pair with SSDT-XOSI.aml]: pattern 5F4F5349, bin not found / already patched!
58:656  0:000  9. [change OSID to XSID (to avoid match against _OSI XOSI patch)]: pattern 4F534944, bin not found / already patched!
58:656  0:000  Patch table: SSDT  OptTabl len=0x1E79
58:656  0:000  0. [change H_EC to EC]: pattern 485F4543, bin not found / already patched!
58:656  0:000  1. [change HECI to IMEI]: pattern 48454349, bin not found / already patched!
58:656  0:000  2. [change SAT0 to SATA]: pattern 53415430, bin not found / already patched!
58:656  0:000  3. [change GFX0 to IGPU, optionally pair with SSDT-IGPU.aml]: pattern 47465830, patched at: [ (55) (28) (772) (91) (527) (107B) (11) ]
58:656  0:000  4. [change HDAS to HDEF, optionally pair with SSDT-HDEF.aml]: pattern 48444153, bin not found / already patched!
58:656  0:000  5. [change Method(_PTS,1,N) to ZPTS, pair with SSDT-PTSWAK.aml]: pattern 5F505453, bin not found / already patched!
58:656  0:000  6. [change Method(_WAK,1,N) to ZWAK, pair with SSDT-PTSWAK.aml]: pattern 5F57414B, bin not found / already patched!
58:656  0:000  7. [change Method(GPRW,2,N) to XPRW, pair with SSDT-GPRW.aml]: pattern 47505257, bin not found / already patched!
58:656  0:000  8. [change _OSI to XOSI, pair with SSDT-XOSI.aml]: pattern 5F4F5349, patched at: [ (161F) ]
58:656  0:000  9. [change OSID to XSID (to avoid match against _OSI XOSI patch)]: pattern 4F534944, bin not found / already patched!
58:656  0:000  === [ ACPIPatchedAML ] ====================================
58:656  0:000  AutoMerge pass 2
58:656  0:000  Unsorted
58:656  0:000  Inserting SSDT-PNLF.aml from EFI\CLOVER\ACPI\patched: size=1128 ... Success
58:659  0:002  Inserting SSDT-USBX.aml from EFI\CLOVER\ACPI\patched: size=135 ... Success
58:660  0:001  Inserting SSDT-DTPG.aml from EFI\CLOVER\ACPI\patched: size=100 ... Success
58:661  0:001  Inserting SSDT-BATT.aml from EFI\CLOVER\ACPI\patched: size=1311 ... Success
58:663  0:001  Inserting SSDT-XOSI.aml from EFI\CLOVER\ACPI\patched: size=188 ... Success
58:664  0:001  Inserting SSDT-EC.aml from EFI\CLOVER\ACPI\patched: size=63 ... Success
58:665  0:001  Inserting SSDT-GPRW.aml from EFI\CLOVER\ACPI\patched: size=134 ... Success
58:667  0:001  Inserting SSDT-TB3.aml from EFI\CLOVER\ACPI\patched: size=5856 ... Success
58:669  0:002  Inserting SSDT-UIAC.aml from EFI\CLOVER\ACPI\patched: size=591 ... Success
58:671  0:001  Inserting SSDT-PTSWAK.aml from EFI\CLOVER\ACPI\patched: size=782 ... Success
58:672  0:001  Inserting SSDT-XCPM.aml from EFI\CLOVER\ACPI\patched: size=80 ... Success
58:673  0:001  CPUBase=0 and ApicCPUBase=1 ApicCPUNum=1
58:673  0:000  Maximum control=0x16
58:673  0:000  Turbo control=0x29
58:673  0:000  P-States: min 0x8, max 0x29
58:674  0:000  SSDT with CPU P-States and plugin-type generated successfully
58:674  0:000  SSDT with CPU C-States generated successfully
58:674  0:000  Cleanup XSDT: count=38, length=340
58:674  0:000  corrected XSDT count=37, length=332
58:674  0:000  === [ RestSetup macOS ] ===================================
58:674  0:000  EdidDiscovered size=128
58:674  0:000  --- Discovered EDID Table size:128
58:674  0:000  000  |  00  FF  FF  FF  FF  FF  FF  00  06  AF
58:674  0:000  010  |  ED  82  00  00  00  00  10  1B  01  04
58:674  0:000  020  |  A5  22  13  78  02  6A  75  A4  56  52
58:674  0:000  030  |  9C  27  0B  50  54  00  00  00  01  01
58:674  0:000  040  |  01  01  01  01  01  01  01  01  01  01
58:674  0:000  050  |  01  01  01  01  CE  8F  80  B6  70  38
58:674  0:000  060  |  88  40  30  20  A5  00  58  C1  10  00
58:674  0:000  070  |  00  00  CE  8F  80  B6  70  38  2B  47
58:674  0:000  080  |  30  20  A5  00  58  C1  10  00  00  00
58:674  0:000  090  |  00  00  00  FE  00  41  55  4F  0A  20
58:674  0:000  100  |  20  20  20  20  20  20  20  20  00  00
58:674  0:000  110  |  00  FE  00  42  31  35  36  48  41  4E
58:674  0:000  120  |  30  38  2E  32  20  0A  00  13
58:674  0:000  NVidia GFX injection not set
58:674  0:000  Intel GFX injection not set
58:676  0:001   RCBA disabled; cannot use it
58:676  0:000  stringlength = 726
58:676  0:000  CurrentMode: Width=1920 Height=1080
58:676  0:000  Beginning FSInjection
FSInjectionInstall ...
- Our FSI_SIMPLE_FILE_SYSTEM_PROTOCOL installed on handle: 35C8AB98
FSInjectionInstall ...
- Our FSI_SIMPLE_FILE_SYSTEM_PROTOCOL installed on handle: 35C8AB98
58:680  0:003  Use origin smbios table type 1 guid.
58:686  0:006  Preparing kexts injection for arch=x86_64 from EFI\CLOVER\kexts\Other
58:686  0:000  Extra kext: EFI\CLOVER\kexts\Other\BrcmPatchRAM2.kext (v.2.2.10)
59:072  0:385  Extra kext: EFI\CLOVER\kexts\Other\dAGPM.kext (v.1.0.0)
59:098  0:025  Extra kext: EFI\CLOVER\kexts\Other\FakeSMC.kext (v.1765)
59:169  0:071  Extra kext: EFI\CLOVER\kexts\Other\FakeSMC_CPUSensors.kext (v.1800)
59:225  0:055  Extra kext: EFI\CLOVER\kexts\Other\FakeSMC_GPUSensors.kext (v.1800)
59:300  0:075  Extra kext: EFI\CLOVER\kexts\Other\ApplePS2SmartTouchPad.kext (v.4.6.8)
59:440  0:139    |-- PlugIn kext: EFI\CLOVER\kexts\Other\ApplePS2SmartTouchPad.kext\Contents\PlugIns\ApplePS2Controller.kext (v.4.6.8)
59:489  0:048    |-- PlugIn kext: EFI\CLOVER\kexts\Other\ApplePS2SmartTouchPad.kext\Contents\PlugIns\ApplePS2Keyboard.kext (v.4.6.8)
59:539  0:050  Extra kext: EFI\CLOVER\kexts\Other\AppleBacklightFixup.kext (v.1.0.2)
59:609  0:070  Extra kext: EFI\CLOVER\kexts\Other\FakeSMC_ACPISensors.kext (v.1800)
59:718  0:108  Extra kext: EFI\CLOVER\kexts\Other\USBInjectAll.kext (v.0.7.1)
61:758  2:039  Extra kext: EFI\CLOVER\kexts\Other\BT4LEContiunityFixup.kext (v.1.1.2)
61:813  0:054  Extra kext: EFI\CLOVER\kexts\Other\RealtekRTL8111.kext (v.2.2.1)
61:865  0:051  Extra kext: EFI\CLOVER\kexts\Other\WhateverGreen.kext (v.1.2.6)
62:104  0:239  Extra kext: EFI\CLOVER\kexts\Other\FakeSMC_LPCSensors.kext (v.1800)
63:505  1:400  Extra kext: EFI\CLOVER\kexts\Other\AppleALC.kext (v.1.3.5)
67:118  3:612  Extra kext: EFI\CLOVER\kexts\Other\FakeSMC_SMMSensors.kext (v.1800)
67:202  0:084  Extra kext: EFI\CLOVER\kexts\Other\AirportBrcmFixup.kext (v.1.1.9)
67:328  0:125  Extra kext: EFI\CLOVER\kexts\Other\NoTouchID.kext (v.1.0.1)
67:389  0:060  Extra kext: EFI\CLOVER\kexts\Other\BrcmFirmwareData.kext (v.2.2.10)
67:454  0:064  Extra kext: EFI\CLOVER\kexts\Other\Lilu.kext (v.1.3.4)
67:516  0:062  Extra kext: EFI\CLOVER\kexts\Other\ACPIBatteryManager.kext (v.1.90.1)
67:602  0:086  Custom boot screen not used because entry has unset use graphics
67:603  0:000  Closing log
